no local shell hit
tarting local process './attachments/ld-linux-x86-64.so.2'
[+] Starting local process './attachments/ld-linux-x86-64.so.2': pid 116819
[*] race hit lane=0 len=0x8 wait=0.303
[*] read@libc = 0x72259affe850
[*] system = 0x72259af3ad70
[*] race hit lane=0 len=0x8 wait=0.218
[*] capsule = 0x55559062a3c0
[*] race hit lane=1 len=0x8 wait=0.228
[*] race hit lane=0 len=0x8 wait=0.226
[*] Stopped process './attachments/ld-linux-x86-64.so.2' (pid 116819)
[!] attempt 1 failed: unpack requires a buffer of 8 bytes
[*] attempt 2
[x] Starting local process './attachments/ld-linux-x86-64.so.2'
[+] Starting local process './attachments/ld-linux-x86-64.so.2': pid 116961
[*] race hit lane=0 len=0x8 wait=0.304
[*] read@libc = 0x7b4d0e54f850
[*] system = 0x7b4d0e48bd70
[*] race hit lane=0 len=0x8 wait=0.247
[*] capsule = 0x55558b6163c0
[*] Process './attachments/ld-linux-x86-64.so.2' stopped with exit code 0 (pid 116961)
[!] attempt 2 failed: 
[*] attempt 3
[x] Starting local process './attachments/ld-linux-x86-64.so.2'
[+] Starting local process './attachments/ld-linux-x86-64.so.2': pid 117362
[*] race hit lane=0 len=0x8 wait=0.240
[*] read@libc = 0x78ffd7b4d850
[*] system = 0x78ffd7a89d70
[*] race hit lane=0 len=0x8 wait=0.214
[*] capsule = 0x555562dcf3c0
[*] race hit lane=1 len=0x8 wait=0.204
[*] race hit lane=0 len=0x8 wait=0.193
[*] Stopped process './attachments/ld-linux-x86-64.so.2' (pid 117362)
[!] attempt 3 failed: unpack requires a buffer of 8 bytes
[*] attempt 4
[x] Starting local process './attachments/ld-linux-x86-64.so.2'
[+] Starting local process './attachments/ld-linux-x86-64.so.2': pid 117802
[*] race hit lane=0 len=0x8 wait=0.220
[*] read@libc = 0x783bed68a850
[*] system = 0x783bed5c6d70
[*] race hit lane=0 len=0x8 wait=0.218
[*] capsule = 0x5555634103c0
[*] race hit lane=1 len=0x8 wait=0.244
[*] race hit lane=0 len=0x8 wait=0.298
[*] Stopped process './attachments/ld-linux-x86-64.so.2' (pid 117802)
[!] attempt 4 failed: unpack requires a buffer of 8 bytes
[*] attempt 5
[x] Starting local process './attachments/ld-linux-x86-64.so.2'
[+] Starting local process './attachments/ld-linux-x86-64.so.2': pid 117824
[*] race hit lane=0 len=0x8 wait=0.240
[*] read@libc = 0x72c6a3b0b850
[*] system = 0x72c6a3a47d70
[*] race hit lane=0 len=0x8 wait=0.238
[*] capsule = 0x55555879a3c0
[*] race hit lane=1 len=0x8 wait=0.225
[*] race hit lane=0 len=0x8 wait=0.218
[*] Stopped process './attachments/ld-linux-x86-64.so.2' (pid 117824)
[!] attempt 5 failed: unpack requires a buffer of 8 bytes
[*] attempt 6
[x] Starting local process './attachments/ld-linux-x86-64.so.2'
[+] Starting local process './attachments/ld-linux-x86-64.so.2': pid 117826
[*] race hit lane=0 len=0x8 wait=0.203
[*] read@libc = 0x74ff7d5ec850
[*] system = 0x74ff7d528d70
[*] race hit lane=0 len=0x8 wait=0.233
[*] capsule = 0x55557d6d03c0
[*] race hit lane=1 len=0x8 wait=0.221
[*] race hit lane=0 len=0x8 wait=0.300
[*] Stopped process './attachments/ld-linux-x86-64.so.2' (pid 117826)
[!] attempt 6 failed: unpack requires a buffer of 8 bytes
[*] attempt 7
[x] Starting local process './attachments/ld-linux-x86-64.so.2'
[+] Starting local process './attachments/ld-linux-x86-64.so.2': pid 117854
[*] Stopped process './attachments/ld-linux-x86-64.so.2' (pid 117854)
[!] attempt 7 failed: 
[*] attempt 8
[x] Starting local process './attachments/ld-linux-x86-64.so.2'
[+] Starting local process './attachments/ld-linux-x86-64.so.2': pid 118171
[*] race hit lane=0 len=0x8 wait=0.237
[*] read@libc = 0x7f69aa015850
[*] system = 0x7f69a9f51d70
[*] race hit lane=0 len=0x8 wait=0.208
[*] capsule = 0x555568f163c0
[*] race hit lane=1 len=0x8 wait=0.202
[*] race hit lane=0 len=0x8 wait=0.212
[*] Stopped process './attachments/ld-linux-x86-64.so.2' (pid 118171)
[!] attempt 8 failed: unpack requires a buffer of 8 bytes
[*] attempt 9
[x] Starting local process './attachments/ld-linux-x86-64.so.2'
[+] Starting local process './attachments/ld-linux-x86-64.so.2': pid 118180
[*] race hit lane=0 len=0x8 wait=0.197
[*] read@libc = 0x7e65eedd6850
[*] system = 0x7e65eed12d70
[*] race hit lane=0 len=0x8 wait=0.199
[*] capsule = 0x55556af4a3c0
[*] race hit lane=1 len=0x8 wait=0.227
[*] race hit lane=0 len=0x8 wait=0.219
[*] Stopped process './attachments/ld-linux-x86-64.so.2' (pid 118180)
[!] attempt 9 failed: unpack requires a buffer of 8 bytes
[*] attempt 10
[x] Starting local process './attachments/ld-linux-x86-64.so.2'
[+] Starting local process './attachments/ld-linux-x86-64.so.2': pid 118414
[*] race hit lane=0 len=0x8 wait=0.225
[*] read@libc = 0x747dcd472850
[*] system = 0x747dcd3aed70
[*] race hit lane=0 len=0x8 wait=0.239
[*] capsule = 0x555587ef83c0
[*] race hit lane=1 len=0x8 wait=0.225
[*] race hit lane=0 len=0x8 wait=0.217
[*] Stopped process './attachments/ld-linux-x86-64.so.2' (pid 118414)
[!] attempt 10 failed: unpack requires a buffer of 8 bytes
[*] attempt 11
[x] Starting local process './attachments/ld-linux-x86-64.so.2'
[+] Starting local process './attachments/ld-linux-x86-64.so.2': pid 118805
[*] race hit lane=0 len=0x8 wait=0.307
[*] read@libc = 0x7b2fd3421850
[*] system = 0x7b2fd335dd70
[*] race hit lane=0 len=0x8 wait=0.217
[*] capsule = 0x55558a4523c0
[*] race hit lane=1 len=0x8 wait=0.227
[*] race hit lane=0 len=0x8 wait=0.242
[*] Stopped process './attachments/ld-linux-x86-64.so.2' (pid 118805)
[!] attempt 11 failed: unpack requires a buffer of 8 bytes
[*] attempt 12
[x] Starting local process './attachments/ld-linux-x86-64.so.2'
[+] Starting local process './attachments/ld-linux-x86-64.so.2': pid 118825
[*] race hit lane=0 len=0x8 wait=0.225
[*] read@libc = 0x796bbc1bc850
[*] system = 0x796bbc0f8d70
[*] race hit lane=0 len=0x8 wait=0.193
[*] capsule = 0x55557d09c3c0
[*] race hit lane=1 len=0x8 wait=0.298
[*] race hit lane=0 len=0x8 wait=0.245
[*] Stopped process './attachments/ld-linux-x86-64.so.2' (pid 118825)
[!] attempt 12 failed: unpack requires a buffer of 8 bytes
[*] attempt 13
[x] Starting local process './attachments/ld-linux-x86-64.so.2'
[+] Starting local process './attachments/ld-linux-x86-64.so.2': pid 118848
[*] race hit lane=0 len=0x8 wait=0.239
[*] read@libc = 0x7e806aee8850
[*] system = 0x7e806ae24d70
[*] race hit lane=0 len=0x8 wait=0.201
[*] capsule = 0x55555dc853c0
[*] race hit lane=1 len=0x8 wait=0.193
[*] race hit lane=0 len=0x8 wait=0.307
[*] Stopped process './attachments/ld-linux-x86-64.so.2' (pid 118848)
[!] attempt 13 failed: unpack requires a buffer of 8 bytes
[*] attempt 14
[x] Starting local process './attachments/ld-linux-x86-64.so.2'
[+] Starting local process './attachments/ld-linux-x86-64.so.2': pid 119439
[*] race hit lane=0 len=0x8 wait=0.221
[*] read@libc = 0x7249d486e850
[*] system = 0x7249d47aad70
[*] race hit lane=0 len=0x8 wait=0.195
[*] capsule = 0x5555834923c0
[*] race hit lane=1 len=0x8 wait=0.207
[*] race hit lane=0 len=0x8 wait=0.217
[*] Stopped process './attachments/ld-linux-x86-64.so.2' (pid 119439)
[!] attempt 14 failed: unpack requires a buffer of 8 bytes
[*] attempt 15
[x] Starting local process './attachments/ld-linux-x86-64.so.2'
[+] Starting local process './attachments/ld-linux-x86-64.so.2': pid 119458
[*] race hit lane=0 len=0x8 wait=0.227
[*] read@libc = 0x729379052850
[*] system = 0x729378f8ed70
[*] race hit lane=0 len=0x8 wait=0.224
[*] capsule = 0x55558744c3c0
[*] race hit lane=1 len=0x8 wait=0.247
[*] race hit lane=0 len=0x8 wait=0.203
[*] Stopped process './attachments/ld-linux-x86-64.so.2' (pid 119458)
[!] attempt 15 failed: unpack requires a buffer of 8 bytes
[*] attempt 16
[x] Starting local process './attachments/ld-linux-x86-64.so.2'
[+] Starting local process './attachments/ld-linux-x86-64.so.2': pid 119479
[*] race hit lane=0 len=0x8 wait=0.304
[*] read@libc = 0x7ce8b2b51850
[*] system = 0x7ce8b2a8dd70
[*] race hit lane=0 len=0x8 wait=0.199
[*] capsule = 0x55558159f3c0
[*] race hit lane=1 len=0x8 wait=0.227
[*] race hit lane=0 len=0x8 wait=0.245
[*] Stopped process './attachments/ld-linux-x86-64.so.2' (pid 119479)
[!] attempt 16 failed: unpack requires a buffer of 8 bytes
[*] attempt 17
[x] Starting local process './attachments/ld-linux-x86-64.so.2'
[+] Starting local process './attachments/ld-linux-x86-64.so.2': pid 119500
[*] race hit lane=0 len=0x8 wait=0.227
[*] read@libc = 0x7aa8347e8850
[*] system = 0x7aa834724d70
[*] race hit lane=0 len=0x8 wait=0.200
[*] capsule = 0x55558dea63c0
[*] race hit lane=1 len=0x8 wait=0.207
[*] race hit lane=0 len=0x8 wait=0.203
[*] Stopped process './attachments/ld-linux-x86-64.so.2' (pid 119500)
[!] attempt 17 failed: unpack requires a buffer of 8 bytes
[*] attempt 18
[x] Starting local process './attachments/ld-linux-x86-64.so.2'
[+] Starting local process './attachments/ld-linux-x86-64.so.2': pid 119515
[*] race hit lane=0 len=0x8 wait=0.296
[*] read@libc = 0x73800231c850
[*] system = 0x738002258d70
[*] race hit lane=0 len=0x8 wait=0.307
[*] capsule = 0x55556f3043c0
[*] race hit lane=1 len=0x8 wait=0.203
[*] race hit lane=0 len=0x8 wait=0.301
[*] Stopped process './attachments/ld-linux-x86-64.so.2' (pid 119515)
[!] attempt 18 failed: unpack requires a buffer of 8 bytes
[*] attempt 19
[x] Starting local process './attachments/ld-linux-x86-64.so.2'
[+] Starting local process './attachments/ld-linux-x86-64.so.2': pid 119526
[*] race hit lane=0 len=0x8 wait=0.302
[*] read@libc = 0x71be282d9850
[*] system = 0x71be28215d70
[*] race hit lane=0 len=0x8 wait=0.292
[*] capsule = 0x55557194a3c0
[*] race hit lane=1 len=0x8 wait=0.239
[*] race hit lane=0 len=0x8 wait=0.195
[*] Stopped process './attachments/ld-linux-x86-64.so.2' (pid 119526)
[!] attempt 19 failed: unpack requires a buffer of 8 bytes
[*] attempt 20
[x] Starting local process './attachments/ld-linux-x86-64.so.2'
[+] Starting local process './attachments/ld-linux-x86-64.so.2': pid 119540
[*] race hit lane=0 len=0x8 wait=0.219
[*] read@libc = 0x781cb413f850
[*] system = 0x781cb407bd70
[*] race hit lane=0 len=0x8 wait=0.198
[*] capsule = 0x5555934e03c0
[*] race hit lane=1 len=0x8 wait=0.236
[*] race hit lane=0 len=0x8 wait=0.205
[*] Stopped process './attachments/ld-linux-x86-64.so.2' (pid 119540)
[!] attempt 20 failed: unpack requires a buffer of 8 bytes
[*] attempt 21
[x] Starting local process './attachments/ld-linux-x86-64.so.2'
[+] Starting local process './attachments/ld-linux-x86-64.so.2': pid 119551
[*] race hit lane=0 len=0x8 wait=0.222
[*] read@libc = 0x74e6d649a850
[*] system = 0x74e6d63d6d70
[*] race hit lane=0 len=0x8 wait=0.205
[*] capsule = 0x555594fdc3c0
[*] race hit lane=1 len=0x8 wait=0.246
[*] Stopped process './attachments/ld-linux-x86-64.so.2' (pid 119551)
[!] attempt 21 failed: 
[*] attempt 22
[x] Starting local process './attachments/ld-linux-x86-64.so.2'
[+] Starting local process './attachments/ld-linux-x86-64.so.2': pid 120253
[*] race hit lane=0 len=0x8 wait=0.246
[*] read@libc = 0x7fcca5c06850
[*] system = 0x7fcca5b42d70
[*] race hit lane=0 len=0x8 wait=0.237
[*] capsule = 0x55557faf93c0
[*] race hit lane=1 len=0x8 wait=0.227
[*] race hit lane=0 len=0x8 wait=0.305
[*] Stopped process './attachments/ld-linux-x86-64.so.2' (pid 120253)
[!] attempt 22 failed: unpack requires a buffer of 8 bytes
[*] attempt 23
[x] Starting local process './attachments/ld-linux-x86-64.so.2'
[+] Starting local process './attachments/ld-linux-x86-64.so.2': pid 120258
[*] race hit lane=0 len=0x8 wait=0.216
[*] read@libc = 0x7a9d49de3850
[*] system = 0x7a9d49d1fd70
[*] race hit lane=0 len=0x8 wait=0.217
[*] capsule = 0x5555698d03c0
[*] race hit lane=1 len=0x8 wait=0.198
[*] race hit lane=0 len=0x8 wait=0.239
[*] Stopped process './attachments/ld-linux-x86-64.so.2' (pid 120258)
[!] attempt 23 failed: unpack requires a buffer of 8 bytes
[*] attempt 24
[x] Starting local process './attachments/ld-linux-x86-64.so.2'
[+] Starting local process './attachments/ld-linux-x86-64.so.2': pid 120274
[*] race hit lane=0 len=0x8 wait=0.216
[*] read@libc = 0x7dbf23e52850
[*] system = 0x7dbf23d8ed70
[*] race hit lane=0 len=0x8 wait=0.239
[*] capsule = 0x5555715b73c0
[*] race hit lane=1 len=0x8 wait=0.300
[*] race hit lane=0 len=0x8 wait=0.233
[*] Stopped process './attachments/ld-linux-x86-64.so.2' (pid 120274)
[!] attempt 24 failed: unpack requires a buffer of 8 bytes
[*] attempt 25
[x] Starting local process './attachments/ld-linux-x86-64.so.2'
[+] Starting local process './attachments/ld-linux-x86-64.so.2': pid 120319
[*] race hit lane=0 len=0x8 wait=0.194
[*] read@libc = 0x75152ed50850
[*] system = 0x75152ec8cd70
[*] race hit lane=0 len=0x8 wait=0.234
[*] capsule = 0x55557d6be3c0
[*] race hit lane=1 len=0x8 wait=0.235
[*] race hit lane=0 len=0x8 wait=0.216
[*] Stopped process './attachments/ld-linux-x86-64.so.2' (pid 120319)
[!] attempt 25 failed: unpack requires a buffer of 8 bytes
[*] attempt 26
[x] Starting local process './attachments/ld-linux-x86-64.so.2'
[+] Starting local process './attachments/ld-linux-x86-64.so.2': pid 120337
[*] race hit lane=0 len=0x8 wait=0.300
[*] read@libc = 0x7550669e4850
[*] system = 0x755066920d70
[*] race hit lane=0 len=0x8 wait=0.197
[*] capsule = 0x5555944df3c0
[*] race hit lane=1 len=0x8 wait=0.218
[*] race hit lane=0 len=0x8 wait=0.221
[*] Stopped process './attachments/ld-linux-x86-64.so.2' (pid 120337)
[!] attempt 26 failed: unpack requires a buffer of 8 bytes
[*] attempt 27
[x] Starting local process './attachments/ld-linux-x86-64.so.2'
[+] Starting local process './attachments/ld-linux-x86-64.so.2': pid 120380
[*] race hit lane=0 len=0x8 wait=0.238
[*] read@libc = 0x77d33e9a2850
[*] system = 0x77d33e8ded70
[*] race hit lane=0 len=0x8 wait=0.220
[*] capsule = 0x5555615123c0
[*] race hit lane=1 len=0x8 wait=0.194
[*] race hit lane=0 len=0x8 wait=0.242
[*] Stopped process './attachments/ld-linux-x86-64.so.2' (pid 120380)
[!] attempt 27 failed: unpack requires a buffer of 8 bytes
[*] attempt 28
[x] Starting local process './attachments/ld-linux-x86-64.so.2'
[+] Starting local process './attachments/ld-linux-x86-64.so.2': pid 120400
[*] race hit lane=0 len=0x8 wait=0.198
[*] read@libc = 0x75128f8a8850
[*] system = 0x75128f7e4d70
[*] race hit lane=0 len=0x8 wait=0.223
[*] capsule = 0x55557e46c3c0
[*] race hit lane=1 len=0x8 wait=0.300
[*] race hit lane=0 len=0x8 wait=0.224
[*] Stopped process './attachments/ld-linux-x86-64.so.2' (pid 120400)
[!] attempt 28 failed: unpack requires a buffer of 8 bytes
[*] attempt 29
[x] Starting local process './attachments/ld-linux-x86-64.so.2'
[+] Starting local process './attachments/ld-linux-x86-64.so.2': pid 120428
[*] race hit lane=0 len=0x8 wait=0.215
[*] read@libc = 0x7f3bf511a850
[*] system = 0x7f3bf5056d70
[*] race hit lane=0 len=0x8 wait=0.203
[*] capsule = 0x55557fe393c0
[*] race hit lane=1 len=0x8 wait=0.295
[*] race hit lane=0 len=0x8 wait=0.197
[*] Stopped process './attachments/ld-linux-x86-64.so.2' (pid 120428)
[!] attempt 29 failed: unpack requires a buffer of 8 bytes
[*] attempt 30
[x] Starting local process './attachments/ld-linux-x86-64.so.2'
[+] Starting local process './attachments/ld-linux-x86-64.so.2': pid 120455
[*] race hit lane=0 len=0x8 wait=0.195
[*] read@libc = 0x7bd86ca08850
[*] system = 0x7bd86c944d70
[*] race hit lane=0 len=0x8 wait=0.212
[*] capsule = 0x55557e8543c0
[*] race hit lane=1 len=0x8 wait=0.194
[*] race hit lane=0 len=0x8 wait=0.237
[*] Stopped process './attachments/ld-linux-x86-64.so.2' (pid 120455)
[!] attempt 30 failed: unpack requires a buffer of 8 bytes
[*] attempt 31
[x] Starting local process './attachments/ld-linux-x86-64.so.2'
[+] Starting local process './attachments/ld-linux-x86-64.so.2': pid 120460
[*] race hit lane=0 len=0x8 wait=0.240
[*] read@libc = 0x75639c2d9850
[*] system = 0x75639c215d70
[*] race hit lane=0 len=0x8 wait=0.201
[*] capsule = 0x5555740523c0
[*] race hit lane=1 len=0x8 wait=0.247
[*] race hit lane=0 len=0x8 wait=0.299
[*] Stopped process './attachments/ld-linux-x86-64.so.2' (pid 120460)
[!] attempt 31 failed: unpack requires a buffer of 8 bytes
[*] attempt 32
[x] Starting local process './attachments/ld-linux-x86-64.so.2'
[+] Starting local process './attachments/ld-linux-x86-64.so.2': pid 120476
[*] race hit lane=0 len=0x8 wait=0.242
[*] read@libc = 0x7702648fd850
[*] system = 0x770264839d70
[*] race hit lane=0 len=0x8 wait=0.308
[*] capsule = 0x5555781493c0
[*] race hit lane=1 len=0x8 wait=0.296
[*] race hit lane=0 len=0x8 wait=0.206
[*] Stopped process './attachments/ld-linux-x86-64.so.2' (pid 120476)
[!] attempt 32 failed: unpack requires a buffer of 8 bytes
[*] attempt 33
[x] Starting local process './attachments/ld-linux-x86-64.so.2'
[+] Starting local process './attachments/ld-linux-x86-64.so.2': pid 120497
[*] race hit lane=0 len=0x8 wait=0.295
[*] read@libc = 0x716a2df30850
[*] system = 0x716a2de6cd70
[*] race hit lane=0 len=0x8 wait=0.239
[*] capsule = 0x555567d7f3c0
[*] race hit lane=1 len=0x8 wait=0.301
[*] race hit lane=0 len=0x8 wait=0.199
[*] Stopped process './attachments/ld-linux-x86-64.so.2' (pid 120497)
[!] attempt 33 failed: unpack requires a buffer of 8 bytes
[*] attempt 34
[x] Starting local process './attachments/ld-linux-x86-64.so.2'
[+] Starting local process './attachments/ld-linux-x86-64.so.2': pid 120506
[*] race hit lane=0 len=0x8 wait=0.239
[*] read@libc = 0x7f6ae409e850
[*] system = 0x7f6ae3fdad70
[*] race hit lane=0 len=0x8 wait=0.197
[*] capsule = 0x55559322d3c0
[*] race hit lane=1 len=0x8 wait=0.223
[*] race hit lane=0 len=0x8 wait=0.219
[*] Stopped process './attachments/ld-linux-x86-64.so.2' (pid 120506)
[!] attempt 34 failed: unpack requires a buffer of 8 bytes
[*] attempt 35
[x] Starting local process './attachments/ld-linux-x86-64.so.2'
[+] Starting local process './attachments/ld-linux-x86-64.so.2': pid 120532
[*] race hit lane=0 len=0x8 wait=0.236
[*] read@libc = 0x7cad999a4850
[*] system = 0x7cad998e0d70
[*] race hit lane=0 len=0x8 wait=0.195
[*] capsule = 0x5555600b43c0
[*] race hit lane=1 len=0x8 wait=0.236
[*] race hit lane=0 len=0x8 wait=0.198
[*] Stopped process './attachments/ld-linux-x86-64.so.2' (pid 120532)
[!] attempt 35 failed: unpack requires a buffer of 8 bytes
[*] attempt 36
[x] Starting local process './attachments/ld-linux-x86-64.so.2'
[+] Starting local process './attachments/ld-linux-x86-64.so.2': pid 120538
[*] race hit lane=0 len=0x8 wait=0.198
[*] read@libc = 0x7f20b3186850
[*] system = 0x7f20b30c2d70
[*] race hit lane=0 len=0x8 wait=0.221
[*] capsule = 0x555570eff3c0
[*] race hit lane=1 len=0x8 wait=0.225
[*] race hit lane=0 len=0x8 wait=0.303
[*] Stopped process './attachments/ld-linux-x86-64.so.2' (pid 120538)
[!] attempt 36 failed: unpack requires a buffer of 8 bytes
[*] attempt 37
[x] Starting local process './attachments/ld-linux-x86-64.so.2'
[+] Starting local process './attachments/ld-linux-x86-64.so.2': pid 120559
[*] race hit lane=0 len=0x8 wait=0.305
[*] read@libc = 0x710a4f5bb850
[*] system = 0x710a4f4f7d70
[*] race hit lane=0 len=0x8 wait=0.300
[*] capsule = 0x5555646013c0
[*] race hit lane=1 len=0x8 wait=0.303
[*] race hit lane=0 len=0x8 wait=0.194
[*] Stopped process './attachments/ld-linux-x86-64.so.2' (pid 120559)
[!] attempt 37 failed: unpack requires a buffer of 8 bytes
[*] attempt 38
[x] Starting local process './attachments/ld-linux-x86-64.so.2'
[+] Starting local process './attachments/ld-linux-x86-64.so.2': pid 120581
[*] race hit lane=0 len=0x8 wait=0.206
[*] read@libc = 0x7fb3e2380850
[*] system = 0x7fb3e22bcd70
[*] race hit lane=0 len=0x8 wait=0.233
[*] capsule = 0x55557d97f3c0
[*] race hit lane=1 len=0x8 wait=0.233
[*] race hit lane=0 len=0x8 wait=0.295
[*] Stopped process './attachments/ld-linux-x86-64.so.2' (pid 120581)
[!] attempt 38 failed: unpack requires a buffer of 8 bytes
[*] attempt 39
[x] Starting local process './attachments/ld-linux-x86-64.so.2'
[+] Starting local process './attachments/ld-linux-x86-64.so.2': pid 120598
[*] race hit lane=0 len=0x8 wait=0.207
[*] read@libc = 0x7d40838db850
[*] system = 0x7d4083817d70
[*] race hit lane=0 len=0x8 wait=0.204
[*] capsule = 0x55557c0513c0
[*] race hit lane=1 len=0x8 wait=0.297
[*] race hit lane=0 len=0x8 wait=0.233
[*] Stopped process './attachments/ld-linux-x86-64.so.2' (pid 120598)
[!] attempt 39 failed: unpack requires a buffer of 8 bytes
[*] attempt 40
[x] Starting local process './attachments/ld-linux-x86-64.so.2'
[+] Starting local process './attachments/ld-linux-x86-64.so.2': pid 120625
[*] race hit lane=0 len=0x8 wait=0.234
[*] read@libc = 0x792e615a7850
[*] system = 0x792e614e3d70
[*] Stopped process './attachments/ld-linux-x86-64.so.2' (pid 120625)
[!] attempt 40 failed: 
[*] attempt 41
[x] Starting local process './attachments/ld-linux-x86-64.so.2'
[+] Starting local process './attachments/ld-linux-x86-64.so.2': pid 121257
[*] race hit lane=0 len=0x8 wait=0.200
[*] read@libc = 0x77f59aee0850
[*] system = 0x77f59ae1cd70
[*] race hit lane=0 len=0x8 wait=0.304
[*] capsule = 0x5555948b23c0
[*] race hit lane=1 len=0x8 wait=0.238
[*] race hit lane=0 len=0x8 wait=0.199
[*] Stopped process './attachments/ld-linux-x86-64.so.2' (pid 121257)
[!] attempt 41 failed: unpack requires a buffer of 8 bytes
[*] attempt 42
[x] Starting local process './attachments/ld-linux-x86-64.so.2'
[+] Starting local process './attachments/ld-linux-x86-64.so.2': pid 121259
[*] race hit lane=0 len=0x8 wait=0.224
[*] read@libc = 0x72e669581850
[*] system = 0x72e6694bdd70
[*] race hit lane=0 len=0x8 wait=0.202
[*] capsule = 0x5555876bc3c0
[*] race hit lane=1 len=0x8 wait=0.220
[*] race hit lane=0 len=0x8 wait=0.246
[*] Stopped process './attachments/ld-linux-x86-64.so.2' (pid 121259)
[!] attempt 42 failed: unpack requires a buffer of 8 bytes
[*] attempt 43
[x] Starting local process './attachments/ld-linux-x86-64.so.2'
[+] Starting local process './attachments/ld-linux-x86-64.so.2': pid 121306
[*] race hit lane=0 len=0x8 wait=0.293
[*] read@libc = 0x7106d7d46850
[*] system = 0x7106d7c82d70
[*] race hit lane=0 len=0x8 wait=0.295
[*] capsule = 0x5555684ec3c0
[*] race hit lane=1 len=0x8 wait=0.242
[*] race hit lane=0 len=0x8 wait=0.245
[*] Stopped process './attachments/ld-linux-x86-64.so.2' (pid 121306)
[!] attempt 43 failed: unpack requires a buffer of 8 bytes
[*] attempt 44
[x] Starting local process './attachments/ld-linux-x86-64.so.2'
[+] Starting local process './attachments/ld-linux-x86-64.so.2': pid 121315
[*] race hit lane=0 len=0x8 wait=0.233
[*] read@libc = 0x7b55f59af850
[*] system = 0x7b55f58ebd70
[*] race hit lane=0 len=0x8 wait=0.245
[*] capsule = 0x555574dd43c0
[*] race hit lane=1 len=0x8 wait=0.243
[*] race hit lane=0 len=0x8 wait=0.242
[*] Stopped process './attachments/ld-linux-x86-64.so.2' (pid 121315)
[!] attempt 44 failed: unpack requires a buffer of 8 bytes
[*] attempt 45
[x] Starting local process './attachments/ld-linux-x86-64.so.2'
[+] Starting local process './attachments/ld-linux-x86-64.so.2': pid 121317
[*] race hit lane=0 len=0x8 wait=0.213
[*] read@libc = 0x78f8a896b850
[*] system = 0x78f8a88a7d70
[*] race hit lane=0 len=0x8 wait=0.244
[*] capsule = 0x555578ae43c0
[*] race hit lane=1 len=0x8 wait=0.214
[*] race hit lane=0 len=0x8 wait=0.303
[*] Stopped process './attachments/ld-linux-x86-64.so.2' (pid 121317)
[!] attempt 45 failed: unpack requires a buffer of 8 bytes
[*] attempt 46
[x] Starting local process './attachments/ld-linux-x86-64.so.2'
[+] Starting local process './attachments/ld-linux-x86-64.so.2': pid 121321
[*] race hit lane=0 len=0x8 wait=0.304
[*] read@libc = 0x78349825d850
[*] system = 0x783498199d70
[*] race hit lane=0 len=0x8 wait=0.306
[*] capsule = 0x555571f353c0
[*] race hit lane=1 len=0x8 wait=0.204
[*] race hit lane=0 len=0x8 wait=0.305
[*] Stopped process './attachments/ld-linux-x86-64.so.2' (pid 121321)
[!] attempt 46 failed: unpack requires a buffer of 8 bytes
[*] attempt 47
[x] Starting local process './attachments/ld-linux-x86-64.so.2'
[+] Starting local process './attachments/ld-linux-x86-64.so.2': pid 121325
[*] race hit lane=0 len=0x8 wait=0.245
[*] read@libc = 0x7cff873f9850
[*] system = 0x7cff87335d70
[*] race hit lane=0 len=0x8 wait=0.242
[*] capsule = 0x55558644f3c0
[*] race hit lane=1 len=0x8 wait=0.240
[*] race hit lane=0 len=0x8 wait=0.293
[*] Stopped process './attachments/ld-linux-x86-64.so.2' (pid 121325)
[!] attempt 47 failed: unpack requires a buffer of 8 bytes
[*] attempt 48
[x] Starting local process './attachments/ld-linux-x86-64.so.2'
[+] Starting local process './attachments/ld-linux-x86-64.so.2': pid 121329
[*] race hit lane=0 len=0x8 wait=0.203
[*] read@libc = 0x70930e1c9850
[*] system = 0x70930e105d70
[*] race hit lane=0 len=0x8 wait=0.222
[*] capsule = 0x555587b053c0
[*] race hit lane=1 len=0x8 wait=0.239
[*] race hit lane=0 len=0x8 wait=0.205
[*] Stopped process './attachments/ld-linux-x86-64.so.2' (pid 121329)
[!] attempt 48 failed: unpack requires a buffer of 8 bytes
[*] attempt 49
[x] Starting local process './attachments/ld-linux-x86-64.so.2'
[+] Starting local process './attachments/ld-linux-x86-64.so.2': pid 121349
[*] race hit lane=0 len=0x8 wait=0.199
[*] read@libc = 0x7fef40cfe850
[*] system = 0x7fef40c3ad70
[*] race hit lane=0 len=0x8 wait=0.196
[*] capsule = 0x5555593663c0
[*] race hit lane=1 len=0x8 wait=0.193
[*] race hit lane=0 len=0x8 wait=0.220
[*] Stopped process './attachments/ld-linux-x86-64.so.2' (pid 121349)
[!] attempt 49 failed: unpack requires a buffer of 8 bytes
[*] attempt 50
[x] Starting local process './attachments/ld-linux-x86-64.so.2'
[+] Starting local process './attachments/ld-linux-x86-64.so.2': pid 121357
[*] race hit lane=0 len=0x8 wait=0.194
[*] read@libc = 0x7f2403680850
[*] system = 0x7f24035bcd70
[*] race hit lane=0 len=0x8 wait=0.219
[*] capsule = 0x5555590dd3c0
[*] race hit lane=1 len=0x8 wait=0.295
[*] race hit lane=0 len=0x8 wait=0.238
[*] Stopped process './attachments/ld-linux-x86-64.so.2' (pid 121357)
[!] attempt 50 failed: unpack requires a buffer of 8 bytes
[*] attempt 51
[x] Starting local process './attachments/ld-linux-x86-64.so.2'
[+] Starting local process './attachments/ld-linux-x86-64.so.2': pid 121414
[*] race hit lane=0 len=0x8 wait=0.194
[*] read@libc = 0x751f200d4850
[*] system = 0x751f20010d70
[*] race hit lane=0 len=0x8 wait=0.293
[*] capsule = 0x55557bffa3c0
[*] race hit lane=1 len=0x8 wait=0.221
[*] race hit lane=0 len=0x8 wait=0.241
[*] Stopped process './attachments/ld-linux-x86-64.so.2' (pid 121414)
[!] attempt 51 failed: unpack requires a buffer of 8 bytes
[*] attempt 52
[x] Starting local process './attachments/ld-linux-x86-64.so.2'
[+] Starting local process './attachments/ld-linux-x86-64.so.2': pid 121449
[*] race hit lane=0 len=0x8 wait=0.232
[*] read@libc = 0x793725129850
[*] system = 0x793725065d70
[*] race hit lane=0 len=0x8 wait=0.306
[*] capsule = 0x55556e67b3c0
[*] race hit lane=1 len=0x8 wait=0.198
[*] race hit lane=0 len=0x8 wait=0.197
[*] Stopped process './attachments/ld-linux-x86-64.so.2' (pid 121449)
[!] attempt 52 failed: unpack requires a buffer of 8 bytes
[*] attempt 53
[x] Starting local process './attachments/ld-linux-x86-64.so.2'
[+] Starting local process './attachments/ld-linux-x86-64.so.2': pid 121468
[*] race hit lane=0 len=0x8 wait=0.226
[*] read@libc = 0x7b6bcf291850
[*] system = 0x7b6bcf1cdd70
[*] race hit lane=0 len=0x8 wait=0.196
[*] capsule = 0x555584e743c0
[*] race hit lane=1 len=0x8 wait=0.241
[*] race hit lane=0 len=0x8 wait=0.238
[*] Stopped process './attachments/ld-linux-x86-64.so.2' (pid 121468)
[!] attempt 53 failed: unpack requires a buffer of 8 bytes
[*] attempt 54
[x] Starting local process './attachments/ld-linux-x86-64.so.2'
[+] Starting local process './attachments/ld-linux-x86-64.so.2': pid 121470
[*] race hit lane=0 len=0x8 wait=0.308
[*] read@libc = 0x743602b34850
[*] system = 0x743602a70d70
[*] race hit lane=0 len=0x8 wait=0.241
[*] capsule = 0x555577a913c0
[*] race hit lane=1 len=0x8 wait=0.238
[*] race hit lane=0 len=0x8 wait=0.204
[*] Stopped process './attachments/ld-linux-x86-64.so.2' (pid 121470)
[!] attempt 54 failed: unpack requires a buffer of 8 bytes
[*] attempt 55
[x] Starting local process './attachments/ld-linux-x86-64.so.2'
[+] Starting local process './attachments/ld-linux-x86-64.so.2': pid 121472
[*] race hit lane=0 len=0x8 wait=0.307
[*] read@libc = 0x78fb0e59b850
[*] system = 0x78fb0e4d7d70
[*] race hit lane=0 len=0x8 wait=0.223
[*] capsule = 0x555563a993c0
[*] race hit lane=1 len=0x8 wait=0.225
[*] race hit lane=0 len=0x8 wait=0.220
[*] Stopped process './attachments/ld-linux-x86-64.so.2' (pid 121472)
[!] attempt 55 failed: unpack requires a buffer of 8 bytes
[*] attempt 56
[x] Starting local process './attachments/ld-linux-x86-64.so.2'
[+] Starting local process './attachments/ld-linux-x86-64.so.2': pid 121474
[*] race hit lane=0 len=0x8 wait=0.206
[*] read@libc = 0x78699e1b5850
[*] system = 0x78699e0f1d70
[*] race hit lane=0 len=0x8 wait=0.217
[*] capsule = 0x55559543f3c0
[*] race hit lane=1 len=0x8 wait=0.303
[*] race hit lane=0 len=0x8 wait=0.296
[*] Stopped process './attachments/ld-linux-x86-64.so.2' (pid 121474)
[!] attempt 56 failed: unpack requires a buffer of 8 bytes
[*] attempt 57
[x] Starting local process './attachments/ld-linux-x86-64.so.2'
[+] Starting local process './attachments/ld-linux-x86-64.so.2': pid 121476
[*] race hit lane=0 len=0x8 wait=0.234
[*] read@libc = 0x7948cff61850
[*] system = 0x7948cfe9dd70
[*] race hit lane=0 len=0x8 wait=0.242
[*] capsule = 0x5555742dd3c0
[*] race hit lane=1 len=0x8 wait=0.217
[*] race hit lane=0 len=0x8 wait=0.216
[*] Stopped process './attachments/ld-linux-x86-64.so.2' (pid 121476)
[!] attempt 57 failed: unpack requires a buffer of 8 bytes
[*] attempt 58
[x] Starting local process './attachments/ld-linux-x86-64.so.2'
[+] Starting local process './attachments/ld-linux-x86-64.so.2': pid 121478
[*] race hit lane=0 len=0x8 wait=0.241
[*] read@libc = 0x70634739a850
[*] system = 0x7063472d6d70
[*] race hit lane=0 len=0x8 wait=0.245
[*] capsule = 0x5555661243c0
[*] race hit lane=1 len=0x8 wait=0.237
[*] race hit lane=0 len=0x8 wait=0.305
[*] Stopped process './attachments/ld-linux-x86-64.so.2' (pid 121478)
[!] attempt 58 failed: unpack requires a buffer of 8 bytes
[*] attempt 59
[x] Starting local process './attachments/ld-linux-x86-64.so.2'
[+] Starting local process './attachments/ld-linux-x86-64.so.2': pid 121480
[*] race hit lane=0 len=0x8 wait=0.196
[*] read@libc = 0x767910530850
[*] system = 0x76791046cd70
[*] race hit lane=0 len=0x8 wait=0.247
[*] capsule = 0x55557b3563c0
[*] race hit lane=1 len=0x8 wait=0.213
[*] race hit lane=0 len=0x8 wait=0.243
[*] Stopped process './attachments/ld-linux-x86-64.so.2' (pid 121480)
[!] attempt 59 failed: unpack requires a buffer of 8 bytes
[*] attempt 60
[x] Starting local process './attachments/ld-linux-x86-64.so.2'
[+] Starting local process './attachments/ld-linux-x86-64.so.2': pid 121484
[*] race hit lane=0 len=0x8 wait=0.300
[*] read@libc = 0x78d42034d850
[*] system = 0x78d420289d70
[*] race hit lane=0 len=0x8 wait=0.206
[*] capsule = 0x5555776ed3c0
[*] race hit lane=1 len=0x8 wait=0.297
[*] race hit lane=0 len=0x8 wait=0.298
[*] Stopped process './attachments/ld-linux-x86-64.so.2' (pid 121484)
[!] attempt 60 failed: unpack requires a buffer of 8 bytes
[*] attempt 61
[x] Starting local process './attachments/ld-linux-x86-64.so.2'
[+] Starting local process './attachments/ld-linux-x86-64.so.2': pid 121486
[*] race hit lane=0 len=0x8 wait=0.197
[*] read@libc = 0x78909095c850
[*] system = 0x789090898d70
[*] race hit lane=0 len=0x8 wait=0.233
[*] capsule = 0x555581a803c0
[*] race hit lane=1 len=0x8 wait=0.236
[*] race hit lane=0 len=0x8 wait=0.235
[*] Stopped process './attachments/ld-linux-x86-64.so.2' (pid 121486)
[!] attempt 61 failed: unpack requires a buffer of 8 bytes
[*] attempt 62
[x] Starting local process './attachments/ld-linux-x86-64.so.2'
[+] Starting local process './attachments/ld-linux-x86-64.so.2': pid 121492
[*] race hit lane=0 len=0x8 wait=0.245
[*] read@libc = 0x7e046741e850
[*] system = 0x7e046735ad70
[*] race hit lane=0 len=0x8 wait=0.202
[*] capsule = 0x5555649393c0
[*] race hit lane=1 len=0x8 wait=0.246
[*] race hit lane=0 len=0x8 wait=0.234
[*] Stopped process './attachments/ld-linux-x86-64.so.2' (pid 121492)
[!] attempt 62 failed: unpack requires a buffer of 8 bytes
[*] attempt 63
[x] Starting local process './attachments/ld-linux-x86-64.so.2'
[+] Starting local process './attachments/ld-linux-x86-64.so.2': pid 121510
[*] race hit lane=0 len=0x8 wait=0.293
[*] read@libc = 0x7bc1dd21d850
[*] system = 0x7bc1dd159d70
[*] race hit lane=0 len=0x8 wait=0.232
[*] capsule = 0x55555a5633c0
[*] race hit lane=1 len=0x8 wait=0.223
[*] race hit lane=0 len=0x8 wait=0.205
[*] Stopped process './attachments/ld-linux-x86-64.so.2' (pid 121510)
[!] attempt 63 failed: unpack requires a buffer of 8 bytes
[*] attempt 64
[x] Starting local process './attachments/ld-linux-x86-64.so.2'
[+] Starting local process './attachments/ld-linux-x86-64.so.2': pid 121514
[*] race hit lane=0 len=0x8 wait=0.223
[*] read@libc = 0x7a02d351f850
[*] system = 0x7a02d345bd70
[*] race hit lane=0 len=0x8 wait=0.233
[*] capsule = 0x55555b6c83c0
[*] race hit lane=1 len=0x8 wait=0.224
[*] race hit lane=0 len=0x8 wait=0.195
[*] Stopped process './attachments/ld-linux-x86-64.so.2' (pid 121514)
[!] attempt 64 failed: unpack requires a buffer of 8 bytes
[*] attempt 65
[x] Starting local process './attachments/ld-linux-x86-64.so.2'
[+] Starting local process './attachments/ld-linux-x86-64.so.2': pid 121516
[*] race hit lane=0 len=0x8 wait=0.194
[*] read@libc = 0x78b253a12850
[*] system = 0x78b25394ed70
[*] race hit lane=0 len=0x8 wait=0.197
[*] capsule = 0x5555600193c0
[*] race hit lane=1 len=0x8 wait=0.200
[*] race hit lane=0 len=0x8 wait=0.222
[*] Stopped process './attachments/ld-linux-x86-64.so.2' (pid 121516)
[!] attempt 65 failed: unpack requires a buffer of 8 bytes
[*] attempt 66
[x] Starting local process './attachments/ld-linux-x86-64.so.2'
[+] Starting local process './attachments/ld-linux-x86-64.so.2': pid 121527
[*] race hit lane=0 len=0x8 wait=0.298
[*] read@libc = 0x77f808695850
[*] system = 0x77f8085d1d70
[*] race hit lane=0 len=0x8 wait=0.227
[*] capsule = 0x55555d62c3c0
[*] race hit lane=1 len=0x8 wait=0.292
[*] race hit lane=0 len=0x8 wait=0.213
[*] Stopped process './attachments/ld-linux-x86-64.so.2' (pid 121527)
[!] attempt 66 failed: unpack requires a buffer of 8 bytes
[*] attempt 67
[x] Starting local process './attachments/ld-linux-x86-64.so.2'
[+] Starting local process './attachments/ld-linux-x86-64.so.2': pid 121571
[*] race hit lane=0 len=0x8 wait=0.224
[*] read@libc = 0x712ed693a850
[*] system = 0x712ed6876d70
[*] race hit lane=0 len=0x8 wait=0.304
[*] capsule = 0x55556f69a3c0
[*] race hit lane=1 len=0x8 wait=0.196
[*] race hit lane=0 len=0x8 wait=0.294
[*] Stopped process './attachments/ld-linux-x86-64.so.2' (pid 121571)
[!] attempt 67 failed: unpack requires a buffer of 8 bytes
[*] attempt 68
[x] Starting local process './attachments/ld-linux-x86-64.so.2'
[+] Starting local process './attachments/ld-linux-x86-64.so.2': pid 122231
[*] race hit lane=0 len=0x8 wait=0.234
[*] read@libc = 0x74111ea64850
[*] system = 0x74111e9a0d70
[*] race hit lane=0 len=0x8 wait=0.244
[*] capsule = 0x555566b033c0
[*] race hit lane=1 len=0x8 wait=0.241
[*] race hit lane=0 len=0x8 wait=0.299
[*] Stopped process './attachments/ld-linux-x86-64.so.2' (pid 122231)
[!] attempt 68 failed: unpack requires a buffer of 8 bytes
[*] attempt 69
[x] Starting local process './attachments/ld-linux-x86-64.so.2'
[+] Starting local process './attachments/ld-linux-x86-64.so.2': pid 122247
[*] race hit lane=0 len=0x8 wait=0.220
[*] read@libc = 0x79d6d192f850
[*] system = 0x79d6d186bd70
[*] race hit lane=0 len=0x8 wait=0.238
[*] capsule = 0x55557a81d3c0
[*] race hit lane=1 len=0x8 wait=0.302
[*] race hit lane=0 len=0x8 wait=0.295
[*] Stopped process './attachments/ld-linux-x86-64.so.2' (pid 122247)
[!] attempt 69 failed: unpack requires a buffer of 8 bytes
[*] attempt 70
[x] Starting local process './attachments/ld-linux-x86-64.so.2'
[+] Starting local process './attachments/ld-linux-x86-64.so.2': pid 122321
[*] race hit lane=0 len=0x8 wait=0.232
[*] read@libc = 0x78c23d4c3850
[*] system = 0x78c23d3ffd70
[*] race hit lane=0 len=0x8 wait=0.224
[*] capsule = 0x555579dfd3c0
[*] race hit lane=1 len=0x8 wait=0.220
[*] race hit lane=0 len=0x8 wait=0.304
[*] Stopped process './attachments/ld-linux-x86-64.so.2' (pid 122321)
[!] attempt 70 failed: unpack requires a buffer of 8 bytes
[*] attempt 71
[x] Starting local process './attachments/ld-linux-x86-64.so.2'
[+] Starting local process './attachments/ld-linux-x86-64.so.2': pid 122330
[*] race hit lane=0 len=0x8 wait=0.228
[*] read@libc = 0x70e813786850
[*] system = 0x70e8136c2d70
[*] race hit lane=0 len=0x8 wait=0.225
[*] capsule = 0x55557b1ed3c0
[*] race hit lane=1 len=0x8 wait=0.217
[*] race hit lane=0 len=0x8 wait=0.197
[*] Stopped process './attachments/ld-linux-x86-64.so.2' (pid 122330)
[!] attempt 71 failed: unpack requires a buffer of 8 bytes
[*] attempt 72
[x] Starting local process './attachments/ld-linux-x86-64.so.2'
[+] Starting local process './attachments/ld-linux-x86-64.so.2': pid 122359
[*] race hit lane=0 len=0x8 wait=0.223
[*] read@libc = 0x78bd48d40850
[*] system = 0x78bd48c7cd70
[*] Stopped process './attachments/ld-linux-x86-64.so.2' (pid 122359)
[!] attempt 72 failed: 
[*] attempt 73
[x] Starting local process './attachments/ld-linux-x86-64.so.2'
[+] Starting local process './attachments/ld-linux-x86-64.so.2': pid 123187
[*] race hit lane=0 len=0x8 wait=0.199
[*] read@libc = 0x73d62fe5a850
[*] system = 0x73d62fd96d70
[*] race hit lane=0 len=0x8 wait=0.228
[*] capsule = 0x55555b2183c0
[*] race hit lane=1 len=0x8 wait=0.202
[*] race hit lane=0 len=0x8 wait=0.234
[*] Stopped process './attachments/ld-linux-x86-64.so.2' (pid 123187)
[!] attempt 73 failed: unpack requires a buffer of 8 bytes
[*] attempt 74
[x] Starting local process './attachments/ld-linux-x86-64.so.2'
[+] Starting local process './attachments/ld-linux-x86-64.so.2': pid 123202
[*] race hit lane=0 len=0x8 wait=0.196
[*] read@libc = 0x7340a3b21850
[*] system = 0x7340a3a5dd70
[*] race hit lane=0 len=0x8 wait=0.202
[*] capsule = 0x5555811233c0
[*] race hit lane=1 len=0x8 wait=0.226
[*] race hit lane=0 len=0x8 wait=0.236
[*] Stopped process './attachments/ld-linux-x86-64.so.2' (pid 123202)
[!] attempt 74 failed: unpack requires a buffer of 8 bytes
[*] attempt 75
[x] Starting local process './attachments/ld-linux-x86-64.so.2'
[+] Starting local process './attachments/ld-linux-x86-64.so.2': pid 123205
[*] race hit lane=0 len=0x8 wait=0.216
[*] read@libc = 0x7f9fa682b850
[*] system = 0x7f9fa6767d70
[*] race hit lane=0 len=0x8 wait=0.298
[*] capsule = 0x5555831a13c0
[*] race hit lane=1 len=0x8 wait=0.303
[*] race hit lane=0 len=0x8 wait=0.200
[*] Stopped process './attachments/ld-linux-x86-64.so.2' (pid 123205)
[!] attempt 75 failed: unpack requires a buffer of 8 bytes
[*] attempt 76
[x] Starting local process './attachments/ld-linux-x86-64.so.2'
[+] Starting local process './attachments/ld-linux-x86-64.so.2': pid 123222
[*] race hit lane=0 len=0x8 wait=0.232
[*] read@libc = 0x74114e229850
[*] system = 0x74114e165d70
[*] race hit lane=0 len=0x8 wait=0.206
[*] capsule = 0x55555d9063c0
[*] race hit lane=1 len=0x8 wait=0.208
[*] race hit lane=0 len=0x8 wait=0.297
[*] Stopped process './attachments/ld-linux-x86-64.so.2' (pid 123222)
[!] attempt 76 failed: unpack requires a buffer of 8 bytes
[*] attempt 77
[x] Starting local process './attachments/ld-linux-x86-64.so.2'
[+] Starting local process './attachments/ld-linux-x86-64.so.2': pid 123225
[*] race hit lane=0 len=0x8 wait=0.307
[*] read@libc = 0x7624c00e6850
[*] system = 0x7624c0022d70
[*] race hit lane=0 len=0x8 wait=0.235
[*] capsule = 0x5555870ca3c0
[*] race hit lane=1 len=0x8 wait=0.225
[*] race hit lane=0 len=0x8 wait=0.226
[*] Stopped process './attachments/ld-linux-x86-64.so.2' (pid 123225)
[!] attempt 77 failed: unpack requires a buffer of 8 bytes
[*] attempt 78
[x] Starting local process './attachments/ld-linux-x86-64.so.2'
[+] Starting local process './attachments/ld-linux-x86-64.so.2': pid 123227
[*] race hit lane=0 len=0x8 wait=0.204
[*] read@libc = 0x7f75a2727850
[*] system = 0x7f75a2663d70
[*] race hit lane=0 len=0x8 wait=0.194
[*] capsule = 0x5555686183c0
[*] race hit lane=1 len=0x8 wait=0.198
[*] race hit lane=0 len=0x8 wait=0.215
[*] Stopped process './attachments/ld-linux-x86-64.so.2' (pid 123227)
[!] attempt 78 failed: unpack requires a buffer of 8 bytes
[*] attempt 79
[x] Starting local process './attachments/ld-linux-x86-64.so.2'
[+] Starting local process './attachments/ld-linux-x86-64.so.2': pid 123232
[*] race hit lane=0 len=0x8 wait=0.208
[*] read@libc = 0x757815372850
[*] system = 0x7578152aed70
[*] race hit lane=0 len=0x8 wait=0.302
[*] capsule = 0x555564d983c0
[*] race hit lane=1 len=0x8 wait=0.248
[*] race hit lane=0 len=0x8 wait=0.219
[*] Stopped process './attachments/ld-linux-x86-64.so.2' (pid 123232)
[!] attempt 79 failed: unpack requires a buffer of 8 bytes
[*] attempt 80
[x] Starting local process './attachments/ld-linux-x86-64.so.2'
[+] Starting local process './attachments/ld-linux-x86-64.so.2': pid 123236
[*] race hit lane=0 len=0x8 wait=0.305
[*] read@libc = 0x7cfef9756850
[*] system = 0x7cfef9692d70
[*] race hit lane=0 len=0x8 wait=0.199
[*] capsule = 0x5555713ce3c0
[*] race hit lane=1 len=0x8 wait=0.233
[*] race hit lane=0 len=0x8 wait=0.192
[*] Stopped process './attachments/ld-linux-x86-64.so.2' (pid 123236)
[!] attempt 80 failed: unpack requires a buffer of 8 bytes
[*] attempt 81
[x] Starting local process './attachments/ld-linux-x86-64.so.2'
[+] Starting local process './attachments/ld-linux-x86-64.so.2': pid 123240
[*] race hit lane=0 len=0x8 wait=0.198
[*] read@libc = 0x73b13f0a2850
[*] system = 0x73b13efded70
[*] race hit lane=0 len=0x8 wait=0.217
[*] capsule = 0x55558d3693c0
[*] race hit lane=1 len=0x8 wait=0.246
[*] race hit lane=0 len=0x8 wait=0.296
[*] Stopped process './attachments/ld-linux-x86-64.so.2' (pid 123240)
[!] attempt 81 failed: unpack requires a buffer of 8 bytes
[*] attempt 82
[x] Starting local process './attachments/ld-linux-x86-64.so.2'
[+] Starting local process './attachments/ld-linux-x86-64.so.2': pid 123244
[*] race hit lane=0 len=0x8 wait=0.198
[*] read@libc = 0x7903b98e3850
[*] system = 0x7903b981fd70
[*] race hit lane=0 len=0x8 wait=0.224
[*] capsule = 0x55556ced63c0
[*] race hit lane=1 len=0x8 wait=0.233
[*] race hit lane=0 len=0x8 wait=0.217
[*] Stopped process './attachments/ld-linux-x86-64.so.2' (pid 123244)
[!] attempt 82 failed: unpack requires a buffer of 8 bytes
[*] attempt 83
[x] Starting local process './attachments/ld-linux-x86-64.so.2'
[+] Starting local process './attachments/ld-linux-x86-64.so.2': pid 123248
[*] race hit lane=0 len=0x8 wait=0.240
[*] read@libc = 0x74f2c8d01850
[*] system = 0x74f2c8c3dd70
[*] race hit lane=0 len=0x8 wait=0.213
[*] capsule = 0x55556e7b23c0
[*] race hit lane=1 len=0x8 wait=0.214
[*] race hit lane=0 len=0x8 wait=0.239
[*] Stopped process './attachments/ld-linux-x86-64.so.2' (pid 123248)
[!] attempt 83 failed: unpack requires a buffer of 8 bytes
[*] attempt 84
[x] Starting local process './attachments/ld-linux-x86-64.so.2'
[+] Starting local process './attachments/ld-linux-x86-64.so.2': pid 123258
[*] race hit lane=0 len=0x8 wait=0.305
[*] read@libc = 0x7b15b722c850
[*] system = 0x7b15b7168d70
[*] race hit lane=0 len=0x8 wait=0.196
[*] capsule = 0x55556b58f3c0
[*] race hit lane=1 len=0x8 wait=0.240
[*] race hit lane=0 len=0x8 wait=0.199
[*] Stopped process './attachments/ld-linux-x86-64.so.2' (pid 123258)
[!] attempt 84 failed: unpack requires a buffer of 8 bytes
[*] attempt 85
[x] Starting local process './attachments/ld-linux-x86-64.so.2'
[+] Starting local process './attachments/ld-linux-x86-64.so.2': pid 123260
[*] race hit lane=0 len=0x8 wait=0.294
[*] read@libc = 0x7400832ae850
[*] system = 0x7400831ead70
[*] race hit lane=0 len=0x8 wait=0.294
[*] capsule = 0x555560bf33c0
[*] race hit lane=1 len=0x8 wait=0.302
[*] race hit lane=0 len=0x8 wait=0.215
[*] Stopped process './attachments/ld-linux-x86-64.so.2' (pid 123260)
[!] attempt 85 failed: unpack requires a buffer of 8 bytes
[*] attempt 86
[x] Starting local process './attachments/ld-linux-x86-64.so.2'
[+] Starting local process './attachments/ld-linux-x86-64.so.2': pid 123266
[*] race hit lane=0 len=0x8 wait=0.293
[*] read@libc = 0x7b1ad5728850
[*] system = 0x7b1ad5664d70
[*] race hit lane=0 len=0x8 wait=0.223
[*] capsule = 0x555580a8d3c0
[*] race hit lane=1 len=0x8 wait=0.212
[*] race hit lane=0 len=0x8 wait=0.228
[*] Stopped process './attachments/ld-linux-x86-64.so.2' (pid 123266)
[!] attempt 86 failed: unpack requires a buffer of 8 bytes
[*] attempt 87
[x] Starting local process './attachments/ld-linux-x86-64.so.2'
[+] Starting local process './attachments/ld-linux-x86-64.so.2': pid 123270
[*] race hit lane=0 len=0x8 wait=0.215
[*] read@libc = 0x779d5731a850
[*] system = 0x779d57256d70
[*] race hit lane=0 len=0x8 wait=0.232
[*] capsule = 0x555558f1c3c0
[*] race hit lane=1 len=0x8 wait=0.194
[*] race hit lane=0 len=0x8 wait=0.295
[*] Stopped process './attachments/ld-linux-x86-64.so.2' (pid 123270)
[!] attempt 87 failed: unpack requires a buffer of 8 bytes
[*] attempt 88
[x] Starting local process './attachments/ld-linux-x86-64.so.2'
[+] Starting local process './attachments/ld-linux-x86-64.so.2': pid 123272
[*] race hit lane=0 len=0x8 wait=0.208
[*] read@libc = 0x7325be346850
[*] system = 0x7325be282d70
[*] race hit lane=0 len=0x8 wait=0.295
[*] capsule = 0x555557ec53c0
[*] race hit lane=1 len=0x8 wait=0.294
[*] race hit lane=0 len=0x8 wait=0.222
[*] Stopped process './attachments/ld-linux-x86-64.so.2' (pid 123272)
[!] attempt 88 failed: unpack requires a buffer of 8 bytes
[*] attempt 89
[x] Starting local process './attachments/ld-linux-x86-64.so.2'
[+] Starting local process './attachments/ld-linux-x86-64.so.2': pid 123276
[*] race hit lane=0 len=0x8 wait=0.244
[*] read@libc = 0x7073414a2850
[*] system = 0x7073413ded70
[*] race hit lane=0 len=0x8 wait=0.219
[*] capsule = 0x55556d2d33c0
[*] race hit lane=1 len=0x8 wait=0.242
[*] race hit lane=0 len=0x8 wait=0.217
[*] Stopped process './attachments/ld-linux-x86-64.so.2' (pid 123276)
[!] attempt 89 failed: unpack requires a buffer of 8 bytes
[*] attempt 90
[x] Starting local process './attachments/ld-linux-x86-64.so.2'
[+] Starting local process './attachments/ld-linux-x86-64.so.2': pid 123280
[*] race hit lane=0 len=0x8 wait=0.223
[*] read@libc = 0x7734a47c3850
[*] system = 0x7734a46ffd70
[*] race hit lane=0 len=0x8 wait=0.248
[*] capsule = 0x5555583b73c0
[*] race hit lane=1 len=0x8 wait=0.198
[*] race hit lane=0 len=0x8 wait=0.296
[*] Stopped process './attachments/ld-linux-x86-64.so.2' (pid 123280)
[!] attempt 90 failed: unpack requires a buffer of 8 bytes
[*] attempt 91
[x] Starting local process './attachments/ld-linux-x86-64.so.2'
[+] Starting local process './attachments/ld-linux-x86-64.so.2': pid 123282
[*] race hit lane=0 len=0x8 wait=0.299
[*] read@libc = 0x78341bf6a850
[*] system = 0x78341bea6d70
[*] race hit lane=0 len=0x8 wait=0.195
[*] capsule = 0x55556cfa53c0
[*] race hit lane=1 len=0x8 wait=0.234
[*] race hit lane=0 len=0x8 wait=0.207
[*] Stopped process './attachments/ld-linux-x86-64.so.2' (pid 123282)
[!] attempt 91 failed: unpack requires a buffer of 8 bytes
[*] attempt 92
[x] Starting local process './attachments/ld-linux-x86-64.so.2'
[+] Starting local process './attachments/ld-linux-x86-64.so.2': pid 123284
[*] race hit lane=0 len=0x8 wait=0.198
[*] read@libc = 0x703dedae7850
[*] system = 0x703deda23d70
[*] race hit lane=0 len=0x8 wait=0.303
[*] capsule = 0x555561aa33c0
[*] race hit lane=1 len=0x8 wait=0.295
[*] race hit lane=0 len=0x8 wait=0.232
[*] Stopped process './attachments/ld-linux-x86-64.so.2' (pid 123284)
[!] attempt 92 failed: unpack requires a buffer of 8 bytes
[*] attempt 93
[x] Starting local process './attachments/ld-linux-x86-64.so.2'
[+] Starting local process './attachments/ld-linux-x86-64.so.2': pid 123289
[*] race hit lane=0 len=0x8 wait=0.200
[*] read@libc = 0x798896a03850
[*] system = 0x79889693fd70
[*] race hit lane=0 len=0x8 wait=0.300
[*] capsule = 0x55558895c3c0
[*] race hit lane=1 len=0x8 wait=0.193
[*] race hit lane=0 len=0x8 wait=0.222
[*] Stopped process './attachments/ld-linux-x86-64.so.2' (pid 123289)
[!] attempt 93 failed: unpack requires a buffer of 8 bytes
[*] attempt 94
[x] Starting local process './attachments/ld-linux-x86-64.so.2'
[+] Starting local process './attachments/ld-linux-x86-64.so.2': pid 123291
[*] race hit lane=0 len=0x8 wait=0.203
[*] read@libc = 0x7b4e4dde0850
[*] system = 0x7b4e4dd1cd70
[*] race hit lane=0 len=0x8 wait=0.300
[*] capsule = 0x55558ade73c0
[*] race hit lane=1 len=0x8 wait=0.206
[*] race hit lane=0 len=0x8 wait=0.195
[*] Stopped process './attachments/ld-linux-x86-64.so.2' (pid 123291)
[!] attempt 94 failed: unpack requires a buffer of 8 bytes
[*] attempt 95
[x] Starting local process './attachments/ld-linux-x86-64.so.2'
[+] Starting local process './attachments/ld-linux-x86-64.so.2': pid 123408
[*] race hit lane=0 len=0x8 wait=0.298
[*] read@libc = 0x75c3a8e2e850
[*] system = 0x75c3a8d6ad70
[*] race hit lane=0 len=0x8 wait=0.217
[*] capsule = 0x55558e4c73c0
[*] race hit lane=1 len=0x8 wait=0.200
[*] race hit lane=0 len=0x8 wait=0.305
[*] Stopped process './attachments/ld-linux-x86-64.so.2' (pid 123408)
[!] attempt 95 failed: unpack requires a buffer of 8 bytes
[*] attempt 96
[x] Starting local process './attachments/ld-linux-x86-64.so.2'
[+] Starting local process './attachments/ld-linux-x86-64.so.2': pid 123412
[*] race hit lane=0 len=0x8 wait=0.227
[*] read@libc = 0x7a930f839850
[*] system = 0x7a930f775d70
[*] race hit lane=0 len=0x8 wait=0.198
[*] capsule = 0x55557eb9a3c0
[*] race hit lane=1 len=0x8 wait=0.199
[*] race hit lane=0 len=0x8 wait=0.298
[*] Stopped process './attachments/ld-linux-x86-64.so.2' (pid 123412)
[!] attempt 96 failed: unpack requires a buffer of 8 bytes
[*] attempt 97
[x] Starting local process './attachments/ld-linux-x86-64.so.2'
[+] Starting local process './attachments/ld-linux-x86-64.so.2': pid 123415
[*] race hit lane=0 len=0x8 wait=0.201
[*] read@libc = 0x7e43ef395850
[*] system = 0x7e43ef2d1d70
[*] race hit lane=0 len=0x8 wait=0.302
[*] capsule = 0x555585ef63c0
[*] race hit lane=1 len=0x8 wait=0.298
[*] race hit lane=0 len=0x8 wait=0.241
[*] Stopped process './attachments/ld-linux-x86-64.so.2' (pid 123415)
[!] attempt 97 failed: unpack requires a buffer of 8 bytes
[*] attempt 98
[x] Starting local process './attachments/ld-linux-x86-64.so.2'
[+] Starting local process './attachments/ld-linux-x86-64.so.2': pid 123419
[*] race hit lane=0 len=0x8 wait=0.223
[*] read@libc = 0x79ea2193e850
[*] system = 0x79ea2187ad70
[*] race hit lane=0 len=0x8 wait=0.302
[*] capsule = 0x555592bd03c0
[*] race hit lane=1 len=0x8 wait=0.213
[*] race hit lane=0 len=0x8 wait=0.224
[*] Stopped process './attachments/ld-linux-x86-64.so.2' (pid 123419)
[!] attempt 98 failed: unpack requires a buffer of 8 bytes
[*] attempt 99
[x] Starting local process './attachments/ld-linux-x86-64.so.2'
[+] Starting local process './attachments/ld-linux-x86-64.so.2': pid 123421
[*] race hit lane=0 len=0x8 wait=0.218
[*] read@libc = 0x72e33dce2850
[*] system = 0x72e33dc1ed70
[*] race hit lane=0 len=0x8 wait=0.196
[*] capsule = 0x55557b5523c0
[*] race hit lane=1 len=0x8 wait=0.243
[*] race hit lane=0 len=0x8 wait=0.225
[*] Stopped process './attachments/ld-linux-x86-64.so.2' (pid 123421)
[!] attempt 99 failed: unpack requires a buffer of 8 bytes
[*] attempt 100
[x] Starting local process './attachments/ld-linux-x86-64.so.2'
[+] Starting local process './attachments/ld-linux-x86-64.so.2': pid 123423
[*] race hit lane=0 len=0x8 wait=0.241
[*] read@libc = 0x7d149dc34850
[*] system = 0x7d149db70d70
[*] race hit lane=0 len=0x8 wait=0.232
[*] capsule = 0x55556570a3c0
[*] race hit lane=1 len=0x8 wait=0.195
[*] race hit lane=0 len=0x8 wait=0.227
[*] Stopped process './attachments/ld-linux-x86-64.so.2' (pid 123423)
[!] attempt 100 failed: unpack requires a buffer of 8 bytes
